Sat Apr 26 2025 12:0 [landingpage] info: 📦 Connected to PostgreSQL
Sat Apr 26 2025 12:0 [landingpage] info: db connected
Sat Apr 26 2025 12:0 [landingpage] info: Redis Test Value:
Sat Apr 26 2025 12:0 [landingpage] info: Buckets:
Sat Apr 26 2025 12:1 [landingpage] info: 📦 Connected to PostgreSQL
Sat Apr 26 2025 12:1 [landingpage] info: db connected
Sat Apr 26 2025 12:1 [landingpage] info: Redis Test Value:
Sat Apr 26 2025 12:1 [landingpage] info: Buckets:
Sat Apr 26 2025 12:2 [landingpage] info: 📦 Connected to PostgreSQL
Sat Apr 26 2025 12:2 [landingpage] info: db connected
Sat Apr 26 2025 12:2 [landingpage] info: Redis Test Value:
Sat Apr 26 2025 12:2 [landingpage] info: Buckets:
Sat Apr 26 2025 12:3 [landingpage] info: 📦 Connected to PostgreSQL
Sat Apr 26 2025 12:3 [landingpage] info: db connected
Sat Apr 26 2025 12:3 [landingpage] info: Redis Test Value:
Sat Apr 26 2025 12:3 [landingpage] info: Buckets:
Sat Apr 26 2025 12:3 [landingpage] info: 📦 Connected to PostgreSQL
Sat Apr 26 2025 12:3 [landingpage] info: db connected
Sat Apr 26 2025 12:3 [landingpage] info: Redis Test Value:
Sat Apr 26 2025 12:3 [landingpage] info: Buckets:
Sat Apr 26 2025 12:4 [landingpage] info: 📦 Connected to PostgreSQL
Sat Apr 26 2025 12:4 [landingpage] info: db connected
Sat Apr 26 2025 12:4 [landingpage] info: Redis Test Value:
Sat Apr 26 2025 12:4 [landingpage] info: Buckets:
Sat Apr 26 2025 12:5 [landingpage] info: 📦 Connected to PostgreSQL
Sat Apr 26 2025 12:5 [landingpage] info: db connected
Sat Apr 26 2025 12:5 [landingpage] info: Redis Test Value:
Sat Apr 26 2025 12:5 [landingpage] info: Buckets:
Sat Apr 26 2025 12:5 [landingpage] info: 📦 Connected to PostgreSQL
Sat Apr 26 2025 12:5 [landingpage] info: db connected
Sat Apr 26 2025 12:5 [landingpage] info: Redis Test Value:
Sat Apr 26 2025 12:5 [landingpage] info: Buckets:
Sat Apr 26 2025 12:6 [landingpage] info: 📦 Connected to PostgreSQL
Sat Apr 26 2025 12:6 [landingpage] info: db connected
Sat Apr 26 2025 12:6 [landingpage] info: Redis Test Value:
Sat Apr 26 2025 12:6 [landingpage] info: Buckets:
Sat Apr 26 2025 12:6 [landingpage] info: 📦 Connected to PostgreSQL
Sat Apr 26 2025 12:6 [landingpage] info: db connected
Sat Apr 26 2025 12:6 [landingpage] info: Redis Test Value:
Sat Apr 26 2025 12:6 [landingpage] info: Buckets:
Sat Apr 26 2025 12:7 [landingpage] info: 📦 Connected to PostgreSQL
Sat Apr 26 2025 12:7 [landingpage] info: db connected
Sat Apr 26 2025 12:7 [landingpage] info: Redis Test Value:
Sat Apr 26 2025 12:7 [landingpage] info: Buckets:
Sat Apr 26 2025 12:8 [landingpage] info: 📦 Connected to PostgreSQL
Sat Apr 26 2025 12:8 [landingpage] info: db connected
Sat Apr 26 2025 12:8 [landingpage] info: Redis Test Value:
Sat Apr 26 2025 12:8 [landingpage] info: Buckets:
Sat Apr 26 2025 12:14 [landingpage] info: 📦 Connected to PostgreSQL
Sat Apr 26 2025 12:14 [landingpage] info: db connected
Sat Apr 26 2025 12:14 [landingpage] info: Redis Test Value:
Sat Apr 26 2025 12:14 [landingpage] info: Buckets:
Sat Apr 26 2025 12:14 [landingpage] info: Login history stored:
Sat Apr 26 2025 12:25 [landingpage] info: 📦 Connected to PostgreSQL
Sat Apr 26 2025 12:25 [landingpage] info: db connected
Sat Apr 26 2025 12:25 [landingpage] info: Redis Test Value:
Sat Apr 26 2025 12:25 [landingpage] info: Buckets:
Sat Apr 26 2025 12:28 [landingpage] info: 📦 Connected to PostgreSQL
Sat Apr 26 2025 12:28 [landingpage] info: db connected
Sat Apr 26 2025 12:28 [landingpage] info: Redis Test Value:
Sat Apr 26 2025 12:28 [landingpage] info: Buckets:
