Sat Mar 29 2025 21:6 [landingpage] info: 📦 Connected to PostgreSQL
Sat Mar 29 2025 21:6 [landingpage] info: db connected
Sat Mar 29 2025 21:6 [landingpage] info: Redis Test Value:
Sat Mar 29 2025 21:6 [landingpage] info: 📦 Connected to PostgreSQL
Sat Mar 29 2025 21:6 [landingpage] info: db connected
Sat Mar 29 2025 21:6 [landingpage] info: Redis Test Value:
Sat Mar 29 2025 21:7 [landingpage] info: 📦 Connected to PostgreSQL
Sat Mar 29 2025 21:7 [landingpage] info: db connected
Sat Mar 29 2025 21:7 [landingpage] info: Redis Test Value:
Sat Mar 29 2025 21:7 [landingpage] info: [object Object]
Sat Mar 29 2025 21:8 [landingpage] info: 📦 Connected to PostgreSQL
Sat Mar 29 2025 21:8 [landingpage] info: db connected
Sat Mar 29 2025 21:8 [landingpage] info: Redis Test Value:
Sat Mar 29 2025 21:40 [landingpage] info: 📦 Connected to PostgreSQL
Sat Mar 29 2025 21:40 [landingpage] info: db connected
Sat Mar 29 2025 21:40 [landingpage] info: Redis Test Value:
Sat Mar 29 2025 21:44 [landingpage] info: 📦 Connected to PostgreSQL
Sat Mar 29 2025 21:44 [landingpage] info: db connected
Sat Mar 29 2025 21:44 [landingpage] info: Redis Test Value:
Sat Mar 29 2025 21:46 [landingpage] info: 📦 Connected to PostgreSQL
Sat Mar 29 2025 21:46 [landingpage] info: db connected
Sat Mar 29 2025 21:46 [landingpage] info: Redis Test Value:
Sat Mar 29 2025 21:46 [landingpage] info: 📦 Connected to PostgreSQL
Sat Mar 29 2025 21:46 [landingpage] info: db connected
Sat Mar 29 2025 21:46 [landingpage] info: Redis Test Value:
Sat Mar 29 2025 21:47 [landingpage] info: 📦 Connected to PostgreSQL
Sat Mar 29 2025 21:47 [landingpage] info: db connected
Sat Mar 29 2025 21:47 [landingpage] info: Redis Test Value:
Sat Mar 29 2025 21:48 [landingpage] info: 📦 Connected to PostgreSQL
Sat Mar 29 2025 21:48 [landingpage] info: db connected
Sat Mar 29 2025 21:48 [landingpage] info: Redis Test Value:
Sat Mar 29 2025 21:48 [landingpage] info: data
Sat Mar 29 2025 21:48 [landingpage] info: 📦 Connected to PostgreSQL
Sat Mar 29 2025 21:48 [landingpage] info: db connected
Sat Mar 29 2025 21:48 [landingpage] info: Redis Test Value:
Sat Mar 29 2025 21:48 [landingpage] info: data
Sat Mar 29 2025 21:49 [landingpage] info: 📦 Connected to PostgreSQL
Sat Mar 29 2025 21:49 [landingpage] info: db connected
Sat Mar 29 2025 21:49 [landingpage] info: Redis Test Value:
Sat Mar 29 2025 21:49 [landingpage] info: data
Sat Mar 29 2025 21:50 [landingpage] info: 📦 Connected to PostgreSQL
Sat Mar 29 2025 21:50 [landingpage] info: db connected
Sat Mar 29 2025 21:50 [landingpage] info: Redis Test Value:
Sat Mar 29 2025 21:50 [landingpage] info: 📦 Connected to PostgreSQL
Sat Mar 29 2025 21:50 [landingpage] info: db connected
Sat Mar 29 2025 21:50 [landingpage] info: Redis Test Value:
Sat Mar 29 2025 21:50 [landingpage] info: data
Sat Mar 29 2025 21:50 [landingpage] info: 📦 Connected to PostgreSQL
Sat Mar 29 2025 21:50 [landingpage] info: db connected
Sat Mar 29 2025 21:50 [landingpage] info: Redis Test Value:
Sat Mar 29 2025 21:51 [landingpage] info: 📦 Connected to PostgreSQL
Sat Mar 29 2025 21:51 [landingpage] info: db connected
Sat Mar 29 2025 21:51 [landingpage] info: Redis Test Value:
Sat Mar 29 2025 21:51 [landingpage] info: 📦 Connected to PostgreSQL
Sat Mar 29 2025 21:51 [landingpage] info: db connected
Sat Mar 29 2025 21:51 [landingpage] info: Redis Test Value:
Sat Mar 29 2025 21:51 [landingpage] info: data
Sat Mar 29 2025 21:51 [landingpage] info: 📦 Connected to PostgreSQL
Sat Mar 29 2025 21:51 [landingpage] info: db connected
Sat Mar 29 2025 21:51 [landingpage] info: Redis Test Value:
