Sun Apr 27 2025 6:25 [landingpage] info: 📦 Connected to PostgreSQL
Sun Apr 27 2025 6:25 [landingpage] info: db connected
Sun Apr 27 2025 6:25 [landingpage] info: Redis Test Value:
Sun Apr 27 2025 6:25 [landingpage] info: Buckets:
Sun Apr 27 2025 6:43 [landingpage] info: 📦 Connected to PostgreSQL
Sun Apr 27 2025 6:43 [landingpage] info: db connected
Sun Apr 27 2025 6:43 [landingpage] info: Redis Test Value:
Sun Apr 27 2025 6:43 [landingpage] info: Buckets:
Sun Apr 27 2025 6:44 [landingpage] info: 📦 Connected to PostgreSQL
Sun Apr 27 2025 6:44 [landingpage] info: db connected
Sun Apr 27 2025 6:44 [landingpage] info: Redis Test Value:
Sun Apr 27 2025 6:44 [landingpage] info: Buckets:
Sun Apr 27 2025 6:45 [landingpage] info: 📦 Connected to PostgreSQL
Sun Apr 27 2025 6:45 [landingpage] info: db connected
Sun Apr 27 2025 6:45 [landingpage] info: Redis Test Value:
Sun Apr 27 2025 6:45 [landingpage] info: Buckets:
Sun Apr 27 2025 6:47 [landingpage] info: 📦 Connected to PostgreSQL
Sun Apr 27 2025 6:47 [landingpage] info: db connected
Sun Apr 27 2025 6:47 [landingpage] info: Redis Test Value:
Sun Apr 27 2025 6:47 [landingpage] info: Buckets:
Sun Apr 27 2025 6:56 [landingpage] info: 📦 Connected to PostgreSQL
Sun Apr 27 2025 6:56 [landingpage] info: db connected
Sun Apr 27 2025 6:56 [landingpage] info: Redis Test Value:
Sun Apr 27 2025 6:56 [landingpage] info: Buckets:
Sun Apr 27 2025 6:58 [landingpage] info: 📦 Connected to PostgreSQL
Sun Apr 27 2025 6:58 [landingpage] info: db connected
Sun Apr 27 2025 6:58 [landingpage] info: Redis Test Value:
Sun Apr 27 2025 6:58 [landingpage] info: Buckets:
Sun Apr 27 2025 6:59 [landingpage] info: Login history stored:
