Sun Apr 27 2025 16:1 [landingpage] info: Login history stored:
Sun Apr 27 2025 16:4 [landingpage] info: 📦 Connected to PostgreSQL
Sun Apr 27 2025 16:4 [landingpage] info: db connected
Sun Apr 27 2025 16:4 [landingpage] info: Redis Test Value:
Sun Apr 27 2025 16:4 [landingpage] info: Buckets:
Sun Apr 27 2025 16:5 [landingpage] info: 📦 Connected to PostgreSQL
Sun Apr 27 2025 16:5 [landingpage] info: db connected
Sun Apr 27 2025 16:5 [landingpage] info: Redis Test Value:
Sun Apr 27 2025 16:5 [landingpage] info: Buckets:
Sun Apr 27 2025 16:5 [landingpage] info: 📦 Connected to PostgreSQL
Sun Apr 27 2025 16:5 [landingpage] info: db connected
Sun Apr 27 2025 16:5 [landingpage] info: Redis Test Value:
Sun Apr 27 2025 16:5 [landingpage] info: Buckets:
Sun Apr 27 2025 16:5 [landingpage] info: 📦 Connected to PostgreSQL
Sun Apr 27 2025 16:5 [landingpage] info: db connected
Sun Apr 27 2025 16:5 [landingpage] info: Buckets:
Sun Apr 27 2025 16:5 [landingpage] info: Redis Test Value:
Sun Apr 27 2025 16:7 [landingpage] info: 📦 Connected to PostgreSQL
Sun Apr 27 2025 16:7 [landingpage] info: db connected
Sun Apr 27 2025 16:7 [landingpage] info: Redis Test Value:
Sun Apr 27 2025 16:7 [landingpage] info: Buckets:
Sun Apr 27 2025 16:7 [landingpage] info: 📦 Connected to PostgreSQL
Sun Apr 27 2025 16:7 [landingpage] info: db connected
Sun Apr 27 2025 16:7 [landingpage] info: Redis Test Value:
Sun Apr 27 2025 16:7 [landingpage] info: Buckets:
Sun Apr 27 2025 16:8 [landingpage] info: 📦 Connected to PostgreSQL
Sun Apr 27 2025 16:8 [landingpage] info: db connected
Sun Apr 27 2025 16:8 [landingpage] info: Redis Test Value:
Sun Apr 27 2025 16:8 [landingpage] info: Buckets:
Sun Apr 27 2025 16:9 [landingpage] info: 📦 Connected to PostgreSQL
Sun Apr 27 2025 16:9 [landingpage] info: db connected
Sun Apr 27 2025 16:9 [landingpage] info: Redis Test Value:
Sun Apr 27 2025 16:9 [landingpage] info: Buckets:
Sun Apr 27 2025 16:10 [landingpage] info: 📦 Connected to PostgreSQL
Sun Apr 27 2025 16:10 [landingpage] info: db connected
Sun Apr 27 2025 16:10 [landingpage] info: Redis Test Value:
Sun Apr 27 2025 16:10 [landingpage] info: Buckets:
Sun Apr 27 2025 16:12 [landingpage] info: 📦 Connected to PostgreSQL
Sun Apr 27 2025 16:12 [landingpage] info: db connected
Sun Apr 27 2025 16:12 [landingpage] info: Redis Test Value:
Sun Apr 27 2025 16:12 [landingpage] info: Buckets:
Sun Apr 27 2025 16:13 [landingpage] info: 📦 Connected to PostgreSQL
Sun Apr 27 2025 16:13 [landingpage] info: db connected
Sun Apr 27 2025 16:13 [landingpage] info: Redis Test Value:
Sun Apr 27 2025 16:13 [landingpage] info: Buckets:
Sun Apr 27 2025 16:15 [landingpage] info: 📦 Connected to PostgreSQL
Sun Apr 27 2025 16:15 [landingpage] info: db connected
Sun Apr 27 2025 16:15 [landingpage] info: Redis Test Value:
Sun Apr 27 2025 16:15 [landingpage] info: Buckets:
Sun Apr 27 2025 16:16 [landingpage] info: 📦 Connected to PostgreSQL
Sun Apr 27 2025 16:16 [landingpage] info: db connected
Sun Apr 27 2025 16:16 [landingpage] info: Redis Test Value:
Sun Apr 27 2025 16:16 [landingpage] info: Buckets:
Sun Apr 27 2025 16:18 [landingpage] info: 📦 Connected to PostgreSQL
Sun Apr 27 2025 16:18 [landingpage] info: db connected
Sun Apr 27 2025 16:18 [landingpage] info: Redis Test Value:
Sun Apr 27 2025 16:18 [landingpage] info: Buckets:
Sun Apr 27 2025 16:18 [landingpage] info: 📦 Connected to PostgreSQL
Sun Apr 27 2025 16:18 [landingpage] info: db connected
Sun Apr 27 2025 16:18 [landingpage] info: Redis Test Value:
Sun Apr 27 2025 16:18 [landingpage] info: Buckets:
Sun Apr 27 2025 16:19 [landingpage] info: 📦 Connected to PostgreSQL
Sun Apr 27 2025 16:19 [landingpage] info: db connected
Sun Apr 27 2025 16:19 [landingpage] info: Redis Test Value:
Sun Apr 27 2025 16:19 [landingpage] info: Buckets:
Sun Apr 27 2025 16:20 [landingpage] info: 📦 Connected to PostgreSQL
Sun Apr 27 2025 16:20 [landingpage] info: db connected
Sun Apr 27 2025 16:20 [landingpage] info: Redis Test Value:
Sun Apr 27 2025 16:20 [landingpage] info: Buckets:
