Fri May 02 2025 11:24 [landingpage] info: Login history stored:
Fri May 02 2025 11:26 [landingpage] info: 📦 Connected to PostgreSQL
Fri May 02 2025 11:26 [landingpage] info: db connected
Fri May 02 2025 11:26 [landingpage] info: Redis Test Value:
Fri May 02 2025 11:26 [landingpage] info: Buckets:
Fri May 02 2025 11:30 [landingpage] info: 📦 Connected to PostgreSQL
Fri May 02 2025 11:30 [landingpage] info: db connected
Fri May 02 2025 11:30 [landingpage] info: Redis Test Value:
Fri May 02 2025 11:30 [landingpage] info: Buckets:
Fri May 02 2025 11:30 [landingpage] info: 📦 Connected to PostgreSQL
Fri May 02 2025 11:30 [landingpage] info: db connected
Fri May 02 2025 11:30 [landingpage] info: Redis Test Value:
Fri May 02 2025 11:30 [landingpage] info: Buckets:
Fri May 02 2025 11:35 [landingpage] info: 📦 Connected to PostgreSQL
Fri May 02 2025 11:35 [landingpage] info: db connected
Fri May 02 2025 11:35 [landingpage] info: Redis Test Value:
Fri May 02 2025 11:35 [landingpage] info: Buckets:
Fri May 02 2025 11:36 [landingpage] info: 📦 Connected to PostgreSQL
Fri May 02 2025 11:36 [landingpage] info: db connected
Fri May 02 2025 11:36 [landingpage] info: Redis Test Value:
Fri May 02 2025 11:36 [landingpage] info: Buckets:
Fri May 02 2025 11:36 [landingpage] info: 📦 Connected to PostgreSQL
Fri May 02 2025 11:36 [landingpage] info: db connected
Fri May 02 2025 11:36 [landingpage] info: Redis Test Value:
Fri May 02 2025 11:36 [landingpage] info: Buckets:
Fri May 02 2025 11:37 [landingpage] info: 📦 Connected to PostgreSQL
Fri May 02 2025 11:37 [landingpage] info: db connected
Fri May 02 2025 11:37 [landingpage] info: Redis Test Value:
Fri May 02 2025 11:37 [landingpage] info: Buckets:
Fri May 02 2025 11:44 [landingpage] info: 📦 Connected to PostgreSQL
Fri May 02 2025 11:44 [landingpage] info: db connected
Fri May 02 2025 11:44 [landingpage] info: Redis Test Value:
Fri May 02 2025 11:44 [landingpage] info: Buckets:
Fri May 02 2025 11:44 [landingpage] info: 📦 Connected to PostgreSQL
Fri May 02 2025 11:44 [landingpage] info: db connected
Fri May 02 2025 11:44 [landingpage] info: Redis Test Value:
Fri May 02 2025 11:44 [landingpage] info: Buckets:
Fri May 02 2025 11:46 [landingpage] info: 📦 Connected to PostgreSQL
Fri May 02 2025 11:46 [landingpage] info: db connected
Fri May 02 2025 11:46 [landingpage] info: Redis Test Value:
Fri May 02 2025 11:46 [landingpage] info: Buckets:
Fri May 02 2025 11:47 [landingpage] info: 📦 Connected to PostgreSQL
Fri May 02 2025 11:47 [landingpage] info: db connected
Fri May 02 2025 11:47 [landingpage] info: Redis Test Value:
Fri May 02 2025 11:47 [landingpage] info: Buckets:
Fri May 02 2025 11:47 [landingpage] info: 📦 Connected to PostgreSQL
Fri May 02 2025 11:47 [landingpage] info: db connected
Fri May 02 2025 11:47 [landingpage] info: Redis Test Value:
Fri May 02 2025 11:47 [landingpage] info: Buckets:
Fri May 02 2025 11:50 [landingpage] info: 📦 Connected to PostgreSQL
Fri May 02 2025 11:50 [landingpage] info: db connected
Fri May 02 2025 11:50 [landingpage] info: Redis Test Value:
Fri May 02 2025 11:50 [landingpage] info: Buckets:
Fri May 02 2025 11:54 [landingpage] info: 📦 Connected to PostgreSQL
Fri May 02 2025 11:54 [landingpage] info: db connected
Fri May 02 2025 11:54 [landingpage] info: Redis Test Value:
Fri May 02 2025 11:54 [landingpage] info: Buckets:
Fri May 02 2025 11:54 [landingpage] info: 📦 Connected to PostgreSQL
Fri May 02 2025 11:54 [landingpage] info: db connected
Fri May 02 2025 11:54 [landingpage] info: Redis Test Value:
Fri May 02 2025 11:54 [landingpage] info: Buckets:
Fri May 02 2025 11:55 [landingpage] info: 📦 Connected to PostgreSQL
Fri May 02 2025 11:55 [landingpage] info: db connected
Fri May 02 2025 11:55 [landingpage] info: Redis Test Value:
Fri May 02 2025 11:55 [landingpage] info: Buckets:
Fri May 02 2025 11:55 [landingpage] info: 📦 Connected to PostgreSQL
Fri May 02 2025 11:55 [landingpage] info: db connected
Fri May 02 2025 11:55 [landingpage] info: Redis Test Value:
Fri May 02 2025 11:55 [landingpage] info: Buckets:
Fri May 02 2025 11:55 [landingpage] info: 📦 Connected to PostgreSQL
Fri May 02 2025 11:55 [landingpage] info: db connected
Fri May 02 2025 11:55 [landingpage] info: Redis Test Value:
Fri May 02 2025 11:55 [landingpage] info: Buckets:
Fri May 02 2025 11:56 [landingpage] info: 📦 Connected to PostgreSQL
Fri May 02 2025 11:56 [landingpage] info: db connected
Fri May 02 2025 11:56 [landingpage] info: Redis Test Value:
Fri May 02 2025 11:56 [landingpage] info: Buckets:
