Sun Apr 27 2025 7:0 [landingpage] info: 📦 Connected to PostgreSQL
Sun Apr 27 2025 7:0 [landingpage] info: db connected
Sun Apr 27 2025 7:0 [landingpage] info: Redis Test Value:
Sun Apr 27 2025 7:0 [landingpage] info: Buckets:
Sun Apr 27 2025 7:0 [landingpage] info: Login history stored:
Sun Apr 27 2025 7:10 [landingpage] info: 📦 Connected to PostgreSQL
Sun Apr 27 2025 7:10 [landingpage] info: db connected
Sun Apr 27 2025 7:10 [landingpage] info: Redis Test Value:
Sun Apr 27 2025 7:10 [landingpage] info: Buckets:
Sun Apr 27 2025 7:12 [landingpage] info: 📦 Connected to PostgreSQL
Sun Apr 27 2025 7:12 [landingpage] info: db connected
Sun Apr 27 2025 7:12 [landingpage] info: Redis Test Value:
Sun Apr 27 2025 7:12 [landingpage] info: Buckets:
Sun Apr 27 2025 7:13 [landingpage] info: 📦 Connected to PostgreSQL
Sun Apr 27 2025 7:13 [landingpage] info: db connected
Sun Apr 27 2025 7:13 [landingpage] info: Redis Test Value:
Sun Apr 27 2025 7:13 [landingpage] info: Buckets:
Sun Apr 27 2025 7:15 [landingpage] info: 📦 Connected to PostgreSQL
Sun Apr 27 2025 7:15 [landingpage] info: db connected
Sun Apr 27 2025 7:15 [landingpage] info: Redis Test Value:
Sun Apr 27 2025 7:15 [landingpage] info: Buckets:
Sun Apr 27 2025 7:22 [landingpage] info: 📦 Connected to PostgreSQL
Sun Apr 27 2025 7:22 [landingpage] info: db connected
Sun Apr 27 2025 7:22 [landingpage] info: Redis Test Value:
Sun Apr 27 2025 7:22 [landingpage] info: Buckets:
