Sun Apr 27 2025 6:57 [landingpage] error: null value in column "title" of relation "faqs" violates not-null constraint
Sun Apr 27 2025 6:57 [landingpage] error: Failed to create FAQ
Sun Apr 27 2025 6:58 [landingpage] error: [
  {
    "code": "invalid_type",
    "expected": "string",
    "received": "undefined",
    "path": [
      "title"
    ],
    "message": "Required"
  },
  {
    "code": "invalid_type",
    "expected": "string",
    "received": "undefined",
    "path": [
      "sub_title"
    ],
    "message": "Required"
  },
  {
    "code": "invalid_type",
    "expected": "boolean",
    "received": "undefined",
    "path": [
      "is_visible"
    ],
    "message": "Required"
  },
  {
    "code": "invalid_type",
    "expected": "boolean",
    "received": "undefined",
    "path": [
      "faqs",
      0,
      "is_visible"
    ],
    "message": "Required"
  },
  {
    "code": "invalid_type",
    "expected": "boolean",
    "received": "undefined",
    "path": [
      "faqs",
      1,
      "is_visible"
    ],
    "message": "Required"
  },
  {
    "code": "invalid_type",
    "expected": "boolean",
    "received": "undefined",
    "path": [
      "faqs",
      2,
      "is_visible"
    ],
    "message": "Required"
  }
]
