Sun Apr 20 2025 14:24 [landingpage] error: [
  {
    "code": "custom",
    "message": "Message contains invalid characters",
    "path": [
      "message"
    ]
  }
]
Sun Apr 20 2025 14:25 [landingpage] error: Contact not found !
Sun Apr 20 2025 14:29 [landingpage] error: [
  {
    "code": "too_small",
    "minimum": 5,
    "type": "string",
    "inclusive": true,
    "exact": false,
    "message": "String must contain at least 5 character(s)",
    "path": [
      "name"
    ]
  }
]
Sun Apr 20 2025 14:30 [landingpage] error: Auth Error: relation "users" does not exist
Sun Apr 20 2025 14:30 [landingpage] error: relation "users" does not exist
