Wed Apr 30 2025 13:0 [landingpage] error: [
  {
    "code": "invalid_type",
    "expected": "object",
    "received": "array",
    "path": [],
    "message": "Expected object, received array"
  }
]
Wed Apr 30 2025 13:0 [landingpage] error: [
  {
    "code": "invalid_type",
    "expected": "object",
    "received": "array",
    "path": [],
    "message": "Expected object, received array"
  }
]
Wed Apr 30 2025 13:0 [landingpage] error: [
  {
    "code": "invalid_type",
    "expected": "object",
    "received": "array",
    "path": [],
    "message": "Expected object, received array"
  }
]
Wed Apr 30 2025 13:3 [landingpage] error: [
  {
    "code": "invalid_type",
    "expected": "object",
    "received": "array",
    "path": [],
    "message": "Expected object, received array"
  }
]
Wed Apr 30 2025 13:3 [landingpage] error: [
  {
    "code": "invalid_type",
    "expected": "object",
    "received": "array",
    "path": [],
    "message": "Expected object, received array"
  }
]
Wed Apr 30 2025 13:4 [landingpage] error: [
  {
    "code": "invalid_type",
    "expected": "object",
    "received": "array",
    "path": [],
    "message": "Expected object, received array"
  }
]
